Arguments: 
  /usr/local/bin/node /usr/local/Cellar/yarn/1.21.1/libexec/bin/yarn.js start:dev

PATH: 
  /Users/chenhanting/google-cloud-sdk/bin:/Users/chenhanting/.rbenv/shims:/Users/chenhanting/.rbenv/shims:/Users/chenhanting/.rbenv/bin:/Users/chenhanting/.rbenv/bin:/Library/Frameworks/Python.framework/Versions/3.9/bin:/usr/local/bin:/usr/bin:/bin:/usr/sbin:/sbin:/opt/X11/bin:/Applications/Visual Studio Code.app/Contents/Resources/app/bin

Yarn version: 
  1.21.1

Node version: 
  12.14.1

Platform: 
  darwin x64

Trace: 
  SyntaxError: /Users/chenhanting/node-test/package.json: Unexpected string in JSON at position 136
      at JSON.parse (<anonymous>)
      at /usr/local/Cellar/yarn/1.21.1/libexec/lib/cli.js:1625:59
      at Generator.next (<anonymous>)
      at step (/usr/local/Cellar/yarn/1.21.1/libexec/lib/cli.js:310:30)
      at /usr/local/Cellar/yarn/1.21.1/libexec/lib/cli.js:321:13

npm manifest: 
  {
    "name": "test",
    "version": "1.0.0",
    "description": "",
    "main": "index.js",
    "scripts": {
      "start:dev": "node main.js"
      "test": "echo \"Error: no test specified\" && exit 1"
    },
    "keywords": [],
    "author": "",
    "license": "ISC",
    "dependencies": {
      "lodash": "^4.17.21"
    }
  }

yarn manifest: 
  No manifest

Lockfile: 
  # THIS IS AN AUTOGENERATED FILE. DO NOT EDIT THIS FILE DIRECTLY.
  # yarn lockfile v1
  
  
  lodash@^4.17.21:
    version "4.17.21"
    resolved "https://registry.yarnpkg.com/lodash/-/lodash-4.17.21.tgz#679591c564c3bffaae8454cf0b3df370c3d6911c"
    integrity sha512-v2kDEe57lecTulaDIuNTPy3Ry4gLGJ6Z1O3vE1krgXZNrsQ+LFTGHVxVjcXPs17LhbZVGedAJv8XZ1tvj5FvSg==
